C51 COMPILER V9.52.0.0   IR_KEY                                                            07/28/2014 21:01:30 PAGE 1   


C51 COMPILER V9.52.0.0, COMPILATION OF MODULE IR_KEY
OBJECT MODULE PLACED IN .\HEX\IR_KEY.obj
COMPILER INVOKED BY: C:\Keil\C51\BIN\C51.EXE IR_KEY.C DEBUG OBJECTEXTEND TABS(2) OBJECT(.\HEX\IR_KEY.obj)

line level    source

   1          #include "IR_KEY.H"
   2          #include  "ds1302.h"
   3          
   4          //按键标志位定义
   5          bit menu_flag;     //MENU
   6          bit test_flag;     //TEST
   7          bit esc_flag;    //ESC 返回
   8          bit left_flag;     //←左
   9          bit right_falg;    //←右
  10          bit hour_flag;
  11          bit minute_flag;
  12          bit second_falg;
  13          bit year_flag;
  14          bit month_flag;
  15          bit day_falg;
  16          bit rotate_falg;
  17          bit Pchang_falg;
  18          bit pic_o_falg;
  19          bit t_mode_falg;  //指针表盘选择标志为1时为数字指针表盘，为0时只为指针式表盘
  20          //全局变量定义
  21          uchar DIS_MODE;  //显示模式ID
  22          uchar Addr_num;
  23          //uchar line_vol=1;  //表盘处理变量
  24          
  25          //遥控器键码表//
  26          /*用户码00FF */
  27          /*电源(0X45) 空(0X46)  MENU(0X47)*/
  28          /*TEST(0X44) + (0X40)  返回(0X43)*/
  29          /* ←  (0X07) ▲ (0X15)   →  (0X09)*/
  30          /* 0  (0X16) - (0X19)   C  (0X0D)*/
  31          /* 1  (0X0C) 2 (0X18)   3  (0X5E)*/
  32          /* 4  (0X08) 5 (0X1C)   6  (0X5A)*/
  33          /* 7  (0X42) 8 (0X52)   9  (0X4A)*/
  34          
  35          //红外遥控按键处理函数
  36          void key_cont(void)
  37          {
  38   1        if(irreceok)
  39   1          {  
  40   2            irreceok=0; 
  41   2          IR_pros();
  42   2          if(irprosok)
  43   2          {
  44   3            irprosok=0;
  45   3            //if(ircode[0]==0x00)
  46   3            //{
  47   3              switch (ircode[2])
  48   3              {
  49   4                case 0x47:
  50   4                  menu_flag=1;    //菜单键标志
  51   4                  break;
  52   4                case 0x44:    
  53   4                  test_flag=1;    //测试键标志
  54   4                  break;
  55   4                case 0x43:     
C51 COMPILER V9.52.0.0   IR_KEY                                                            07/28/2014 21:01:30 PAGE 2   

  56   4                  esc_flag=1;     //返回键标志
  57   4                  break;
  58   4                case 0x07:  
  59   4                  left_flag=1;    //左移键标志   ← 
  60   4                  break;
  61   4                case 0x09:     
  62   4                  right_falg=1;   //右移键标志   →
  63   4                  break;
  64   4                case 0x0c:     
  65   4                  hour_flag=1;    //调时键标志   1
  66   4                  break;
  67   4                case 0x18:  
  68   4                  minute_flag=1;    //调分键标志   2
  69   4                  break;
  70   4                case 0x5e:     
  71   4                  second_falg=1;    //调秒键标志   3
  72   4                  break;
  73   4                case 0x08:     
  74   4                  year_flag=1;    //调年键标志   4
  75   4                  break;
  76   4                case 0x1c:  
  77   4                  month_flag=1;   //调月键标志   5
  78   4                  break;
  79   4                case 0x5A:     
  80   4                  day_falg=1;       //调日键标志   6
  81   4                  break;
  82   4                case 0X42:     
  83   4                  Pchang_falg=1;    //动画切换键标志   7
  84   4                  break;
  85   4                case 0x4A:     
  86   4                  t_mode_falg=1;    //指针表盘切换标志    9
  87   4                  break;
  88   4                case 0x0D:          //旋转起停标志（TEST）C
  89   4                  rotate_falg=1;        
  90   4                  break;
  91   4                case 0x16:          //旋转起停标志（TEST）0
  92   4                  pic_o_falg=1;       
  93   4                  break;
  94   4                default:
  95   4                  break;
  96   4              }
  97   3            //}
  98   3          }
  99   2          if(menu_flag)    //模式切换
 100   2          {
 101   3            menu_flag=0;
 102   3                  //PCA_LED = !PCA_LED;
 103   3                  //LED33=~LED33;
 104   3            //LED0=~LED0;
 105   3            DIS_MODE++;
 106   3            //if(DIS_MODE==0)
 107   3            //pic_rotate=1;
 108   3            //else 
 109   3            //pic_rotate=0;
 110   3            //if(pic_rotate==0)
 111   3            //line_vol=0;
 112   3            if(DIS_MODE>2)
 113   3                DIS_MODE=0; 
 114   3          }
 115   2          if(left_flag)   //向左转动盘面
 116   2          {
 117   3            left_flag=0; 
C51 COMPILER V9.52.0.0   IR_KEY                                                            07/28/2014 21:01:30 PAGE 3   

 118   3            /*if(line_vol==0) //先判断后减减
 119   3            {
 120   3                line_vol=179;
 121   3            }
 122   3            else
 123   3            line_vol--;
 124   3            */
 125   3          }
 126   2          if(right_falg)      //向右转动盘面
 127   2          {
 128   3            right_falg=0 ;
 129   3          /*  line_vol++;
 130   3              if(line_vol>179)
 131   3              line_vol=0;
 132   3          */
 133   3          }
 134   2          if(hour_flag)   //调时
 135   2          {
 136   3            hour_flag=0; 
 137   3            //if(DIS_MODE==0)
 138   3            //Addr_num=0;
 139   3            hour++;
 140   3            write_clock(0x84,hour);   //小时
 141   3            if(hour>11) 
 142   3              hour=0;
 143   3          }
 144   2          if(minute_flag)   //调分
 145   2          {
 146   3            minute_flag=0;
 147   3            //if(DIS_MODE==0)
 148   3            //Addr_num=1;
 149   3            minute++; 
 150   3            if(minute>59) 
 151   3            {
 152   4              minute=0;
 153   4              hour++;
 154   4              if(hour>11)
 155   4              hour=0;
 156   4            }
 157   3          }
 158   2          if(second_falg)   //调秒
 159   2          {
 160   3            second_falg=0;
 161   3            //if(DIS_MODE==0)
 162   3            //Addr_num=2; 
 163   3            second++;
 164   3            if(second>59) 
 165   3              second=0;
 166   3          }
 167   2          if(year_flag)   //调年
 168   2          {
 169   3            year_flag=0; 
 170   3            //if(DIS_MODE==0)
 171   3            //Addr_num=3;
 172   3            year++;
 173   3            if(year>25)    
 174   3              year=13;
 175   3          }
 176   2          if(month_flag)    //调月
 177   2          {
 178   3            month_flag=0; 
 179   3            month++;
C51 COMPILER V9.52.0.0   IR_KEY                                                            07/28/2014 21:01:30 PAGE 4   

 180   3            if(month>11)  //
 181   3              month=0;
 182   3          }
 183   2          if(day_falg)    //调日
 184   2          {
 185   3            day_falg=0; 
 186   3            day++;
 187   3            if(day>31)  
 188   3              day=0;
 189   3          }
 190   2          if(t_mode_falg)   //指针表盘切换
 191   2          {
 192   3            t_mode_falg=0; 
 193   3            t_mode=~t_mode;
 194   3            
 195   3          }
 196   2          if(rotate_falg)   //旋转与停止
 197   2          {
 198   3          //  pic_rotate=~pic_rotate;
 199   3          }
 200   2          if(pic_o_falg)    //旋转与停止
 201   2          {
 202   3          //  pic_ch=~pic_ch;
 203   3          }
 204   2          if(Pchang_falg)   //调月
 205   2          {
 206   3            Pchang_falg=0; 
 207   3            Addr_num++;
 208   3            if(Addr_num>3)  //
 209   3              Addr_num=0;
 210   3          }
 211   2        }     
 212   1      }


MODULE INFORMATION:   STATIC OVERLAYABLE
   CODE SIZE        =    302    ----
   CONSTANT SIZE    =   ----    ----
   XDATA SIZE       =   ----    ----
   PDATA SIZE       =   ----    ----
   DATA SIZE        =      2    ----
   IDATA SIZE       =   ----    ----
   BIT SIZE         =     15    ----
END OF MODULE INFORMATION.


C51 COMPILATION COMPLETE.  0 WARNING(S),  0 ERROR(S)
