C51 COMPILER V9.52.0.0   MAIN                                                              07/28/2014 21:01:30 PAGE 1   


C51 COMPILER V9.52.0.0, COMPILATION OF MODULE MAIN
OBJECT MODULE PLACED IN .\HEX\main.obj
COMPILER INVOKED BY: C:\Keil\C51\BIN\C51.EXE main.c DEBUG OBJECTEXTEND TABS(2) OBJECT(.\HEX\main.obj)

line level    source

   1          /*********************************************
   2            项 目:  多功能旋转POV LED 
   3            模 块： 主函数
   4            功 能： 图片显示测试
   5            版 本： V5.0
   6            设 计： ZhiQu Studio
   7            时 间： 2013年11月25日
   8            修 改:  2013.11.25.19:00 创建项目
   9            说 明： 主控MCU STC115F08S2  
  10          ********************************************/
  11          
  12          #include <intrins.h>
  13          #include <string.h>
  14          #include "STC15Fxxxx.h"
  15          #include "74HC595.H"
  16          #include "Time.h"
  17          #include "povdat.h" 
  18          #include "display.H"
  19          //#include "UART.h"
  20          #include "IR_KEY.H"
  21          #include "IR.h"
  22          #include "Exti.h"
  23          #include "display_hand.h"
  24          #include "display_figure.h"
  25          #include "EEPROM.H"
  26          #include "ds1302.h"
  27          
  28          //系统主函数
  29          void main (void)
  30          {
  31   1        uint i,j;
  32   1        //LED1=0;
  33   1        //OEC=1;
  34   1        picaddr_end=pic_addr[Addr_num][1]; //初始化图片动画结束地址
  35   1        picaddr_start=pic_addr[Addr_num][0];  //动画开始地址
  36   1        Exti_init();  //中断初始化
  37   1        Time_init();  //两个定时器初始化
  38   1        //Init_1302();        //设置1302的初始时间
  39   1        time_first_read();  //第一次读取时间
  40   1          //UART_init();
  41   1        //ES=0;
  42   1        //UART_Send_Str("知趣电子欢迎你！");
  43   1        //IapReadByte(uint addr);         //从EEPROM读1字节数据；
  44   1        //IapProgramByte(0x0000, 0x00);     //写1字节数据到EEPROM;
  45   1        //IapEraseSector(0x0ff1);       //擦除扇区
  46   1        /*
  47   1        IapEraseSector(0x0000);
  48   1        IapEraseSector(0x0000+512);
  49   1        for(j=0;j<180;j++)
  50   1        {
  51   1          IapProgramByte(4*j+0, pic0[j][0]);
  52   1          IapProgramByte(4*j+1, pic0[j][1]);
  53   1          IapProgramByte(4*j+2, pic0[j][2]);
  54   1          IapProgramByte(4*j+3, pic0[j][3]);
  55   1        }
C51 COMPILER V9.52.0.0   MAIN                                                              07/28/2014 21:01:30 PAGE 2   

  56   1        */
  57   1        for(j=0;j<180;j++)
  58   1        {
  59   2          pov_pic[j][0]=IapReadByte(4*picaddr+0);
  60   2          pov_pic[j][1]=IapReadByte(4*picaddr+1);
  61   2          pov_pic[j][2]=IapReadByte(4*picaddr+2);
  62   2          pov_pic[j][3]=IapReadByte(4*picaddr+3);
  63   2          picaddr++;
  64   2        }
  65   1        picaddr=0x0000; 
  66   1          for(i=0;i<180;i++)
  67   1          { 
  68   2            pov_hz[i][0]=hanzi[359-(2*i)];
  69   2            pov_hz[i][1]=hanzi[359-(2*i+1)];
  70   2      
  71   2          } 
  72   1        for(i=0;i<19;i++)
  73   1        {
  74   2          disp_time[i]=0x00;
  75   2        }
  76   1         
  77   1         //IapEraseSector(0x0000);
  78   1         //IapProgramByte(0x0000, 0x55);
  79   1         //UART_Send_Byte(0XFF);
  80   1        while(1)
  81   1        {   
  82   2          key_cont();
  83   2          
  84   2          //Send_data_A(0,0);
  85   2          //dis_open( );
  86   2          //Send_data_B(dat1);
  87   2          //Send_data_B(0,0);
  88   2          //P1=P2=0;
  89   2          //LED1=0;
  90   2          //LED0=0; 
  91   2          switch (DIS_MODE)
  92   2          {
  93   3            case 0:
  94   3              //display_hand();
  95   3              //picaddr_end=pic_addr[Addr_num][1]; //初始化图片动画结束地址
  96   3                   // picaddr_start=pic_addr[Addr_num][0];  //动画开始地址  
  97   3            //  display_pic(); 
  98   3              //display_figure();   //可以显示电机转速
  99   3              Send_data_A(0,0);
 100   3              Send_data_B(0,0);
 101   3              P0=P2=0;
 102   3                  dis_open( );
 103   3              break;
 104   3            case 1:
 105   3              //TR1=1;
 106   3              //T0_S=0;
 107   3              display_hand();
 108   3              //display_pic();
 109   3              break;
 110   3            case 2:
 111   3              //display_hanzhi();
 112   3              //display_hand();
 113   3              display_figure();
 114   3              break;
 115   3            default:
 116   3              break;
 117   3          }
C51 COMPILER V9.52.0.0   MAIN                                                              07/28/2014 21:01:30 PAGE 3   

 118   2          
 119   2           //EEPROM_TEST(); 
 120   2           //display_hand();
 121   2           //display_pic();
 122   2           //display_figure();
 123   2        
 124   2        }
 125   1      }
 126          
 127          


MODULE INFORMATION:   STATIC OVERLAYABLE
   CODE SIZE        =    463    ----
   CONSTANT SIZE    =   ----    ----
   XDATA SIZE       =   ----    ----
   PDATA SIZE       =   ----    ----
   DATA SIZE        =   ----       2
   IDATA SIZE       =   ----    ----
   BIT SIZE         =   ----    ----
END OF MODULE INFORMATION.


C51 COMPILATION COMPLETE.  0 WARNING(S),  0 ERROR(S)
