C51 COMPILER V9.00   POV_DAT                                                               07/06/2013 06:42:52 PAGE 1   


C51 COMPILER V9.00, COMPILATION OF MODULE POV_DAT
OBJECT MODULE PLACED IN pov_dat.OBJ
COMPILER INVOKED BY: C:\Keil\C51\BIN\C51.EXE pov_dat.c BROWSE DEBUG OBJECTEXTEND

line level    source

   1          /*********************************************
   2                  项 目:  多功能旋转POV LED 
   3                  模 块： 数据库文件
   4                  功 能： 提供系统所需的数据
   5                  版 本： V1.0
   6                  设 计： 智趣电子
   7                  时 间： 2012年10月28日
   8                  修 改:  2012.10.28.19:00 创建项目
   9                  说 明：
  10          ********************************************/                                     
  11          
  12          #include "povdat.h" 
  13          uchar code pic0[][4]={
  14          //校标志
  15          { 0xFF,0xFF,0x40,0x8 },
  16          { 0xFF,0xFF,0x40,0x8 },
  17          { 0xFF,0xFF,0x41,0x8 },
  18          { 0xFF,0xFF,0x1,0x8 },
  19          { 0xFF,0xFF,0x3,0x8 },
  20          { 0xFF,0xFF,0x3,0x0 },
  21          { 0xFF,0xFF,0x87,0x10 },
  22          { 0xFF,0xFF,0x87,0x10 },
  23          { 0xFF,0xFF,0x87,0x10 },
  24          { 0xFF,0xFF,0xF,0x10 },
  25          { 0xBF,0xFF,0xF,0x11 },
  26          { 0x1F,0xFF,0xF,0x11 },
  27          { 0x3F,0xFF,0xF,0x11 },    
  28          { 0x3F,0xFF,0x8F,0x11 },
  29          { 0x3F,0xFE,0x9F,0x10 },
  30          { 0x7F,0xFC,0x1F,0x10 },
  31          { 0x7F,0xFC,0x1F,0x10 },
  32          { 0xFF,0xFC,0x1F,0x11 },
  33          { 0xFF,0xFC,0x3F,0x11 },
  34          { 0xFF,0xF8,0x3F,0x1 },
  35          { 0xFF,0xF9,0x3F,0x0 },
  36          { 0xFF,0xF8,0x3F,0x1 },
  37          { 0xFF,0xF1,0x3F,0x1 },
  38          { 0xFF,0xE1,0x3F,0x1 },
  39          { 0xFF,0xE1,0x7F,0x1 },
  40          { 0xFF,0xE1,0x7F,0xB },
  41          { 0xFF,0xE1,0x3F,0x8 },          
  42          { 0xFF,0xC3,0x3F,0x8 },
  43          { 0xFF,0xC3,0x7F,0x8 },
  44          { 0xFF,0x83,0x7F,0x1 },
  45          { 0xFF,0xC1,0x7F,0x9 },
  46          { 0xFF,0xC3,0x7F,0x9 },
  47          { 0xFF,0x83,0x3F,0x9 },
  48          { 0xFF,0x87,0x7F,0x9 },
  49          { 0xFF,0x83,0xFF,0x9 },
  50          { 0xFF,0x83,0xFF,0x9 },
  51          { 0xFF,0x3,0xFF,0x0 },
  52          { 0xFF,0x7,0xFF,0x4 },
  53          { 0xFF,0x7,0xFF,0x4 },
  54          { 0xFF,0x3,0xFF,0x4 },
  55          { 0xFF,0x3,0x3F,0x4 },
C51 COMPILER V9.00   POV_DAT                                                               07/06/2013 06:42:52 PAGE 2   

  56          { 0xFF,0x3,0x3F,0x0 },
  57          { 0xFF,0x3,0x3F,0x1 },
  58          { 0xFF,0x1,0x3F,0x1 },
  59          { 0xFF,0x1,0x3F,0x1 },
  60          { 0xFF,0x1,0x3F,0x1 },           
  61          { 0xFF,0x1,0x3F,0x1 },
  62          { 0xFF,0x1,0x3F,0x1 },
  63          { 0xFF,0x0,0xBF,0x1 },
  64          { 0xFF,0x0,0xBF,0x0 },
  65          { 0xFF,0x0,0xBF,0x0 },
  66          { 0xFF,0x0,0x3F,0x0 },
  67          { 0xFF,0x0,0x3F,0x0 },
  68          { 0x7F,0x0,0x3F,0x20 },
  69          { 0xFF,0x0,0x3F,0x24 },
  70          { 0xFF,0x80,0x1F,0x6C },
  71          { 0xFF,0x80,0x1F,0x6C },
  72          { 0x7F,0x80,0xF,0x7E },
  73          { 0xFF,0x80,0x8F,0x7E },
  74          { 0x7F,0xC0,0xCF,0x7F },
  75          { 0x7F,0x80,0xC3,0xFF },
  76          { 0x3F,0x80,0xC3,0xFF },
  77          { 0x7F,0xC0,0xF3,0xFF },
  78          { 0x3F,0xC0,0xF3,0xFF },
  79          { 0x3F,0xC0,0xF7,0xFF },
  80          { 0x1F,0xC0,0xFF,0xFF },
  81          { 0x1F,0xE0,0xFF,0xFF },
  82          { 0x1F,0xE0,0xFF,0xFF },
  83          { 0x1F,0xE0,0xFF,0xFF },
  84          { 0x1F,0xE0,0xFF,0xFF },
  85          { 0xF,0xE0,0xFF,0xFF },
  86          { 0xF,0xF0,0xFF,0xFF },
  87          { 0xF,0xF0,0xFF,0xFF },
  88          { 0x7,0xF0,0xFF,0xFF },
  89          { 0x7,0xF0,0xFF,0xFF },
  90          { 0x7,0xF0,0xFF,0xFF },
  91          { 0xF,0xF0,0xFF,0xFF },
  92          { 0x7,0xF8,0xFF,0xFF },
  93          { 0xF,0xF0,0xFF,0xFF },
  94          { 0x7,0xF0,0xFF,0xFF },
  95          { 0xF,0xF0,0xFF,0xFF },
  96          { 0xF,0xF8,0xFF,0xFF },
  97          { 0xF,0xF0,0xFF,0xFF },
  98          { 0x1F,0xF0,0xFF,0xFF },
  99          { 0x1F,0xF0,0xFF,0xFF },
 100          { 0x3F,0xF0,0xFF,0xFF },
 101          { 0x1F,0xE0,0xFF,0xFF },
 102          { 0x3F,0xE0,0xFF,0xFF },
 103          { 0x3F,0xE0,0xFF,0xFF },
 104          { 0x7F,0xC0,0xFF,0xFF },
 105          { 0x7F,0xC0,0xFF,0xFF },
 106          { 0x7F,0xC0,0xFF,0xFF },
 107          { 0xFF,0xC0,0xFF,0xFF },
 108          { 0xFF,0xC1,0xFF,0xFF },
 109          { 0xFF,0x83,0xFF,0xFF },
 110          { 0xFF,0x3,0xFF,0xFF },
 111          { 0xFF,0xF,0xFF,0xFF },
 112          { 0xFF,0x1F,0xFE,0xFF },
 113          { 0xFF,0x3F,0xFC,0xFF },
 114          { 0xFF,0x3F,0xFC,0xFF },
 115          { 0xFF,0xFF,0xF8,0xFF },
 116          { 0xFF,0xFF,0xFD,0xFF },
 117          { 0xFF,0xFF,0xF9,0xFF },
C51 COMPILER V9.00   POV_DAT                                                               07/06/2013 06:42:52 PAGE 3   

 118          { 0xFF,0xFF,0xF3,0xFF },
 119          { 0xFF,0xFF,0xE7,0xFF },
 120          { 0xFF,0xFF,0xEF,0xFF },
 121          { 0xFF,0xFF,0xEF,0xFF },
 122          { 0xFF,0xFF,0xFF,0xFF },
 123          { 0xFF,0xFF,0xFF,0xFF },
 124          { 0xFF,0xFF,0xFF,0xFF },
 125          { 0xFF,0xFF,0xFF,0xFF },
 126          { 0xFF,0xFF,0xFF,0xFF },
 127          { 0xFF,0x7F,0xFF,0xFF },
 128          { 0xFF,0x7F,0xFE,0xFF },
 129          { 0xFF,0x3F,0xF8,0xFF },
 130          { 0xFF,0x1F,0xF8,0xFF },
 131          { 0xFF,0xF,0xF0,0xFF },
 132          { 0xFF,0x7,0xE0,0xFF },
 133          { 0xFF,0x3,0xE0,0xFF },
 134          { 0xFF,0x3,0x80,0xFF },
 135          { 0xFF,0x1,0x0,0x57 },
 136          { 0xFF,0x1,0x0,0x55 },
 137          { 0xFF,0x1,0x0,0x54 },
 138          { 0xFF,0x1,0x0,0x50 },
 139          { 0xFF,0x7,0x0,0x40 },
 140          { 0xFF,0x7,0x0,0x40 },
 141          { 0xFF,0xF,0x0,0x0 },
 142          { 0xFF,0x1F,0x0,0x0 },
 143          { 0xFF,0x3F,0x0,0x0 },
 144          { 0xFF,0x3F,0x0,0x0 },
 145          { 0xFF,0x3F,0x0,0x0 },
 146          { 0xFF,0x7F,0x0,0x0 },
 147          { 0xFF,0xFF,0x0,0x0 },
 148          { 0xFF,0xFF,0x0,0x0 },
 149          { 0xFF,0x7,0x1,0x0 },
 150          { 0xFF,0x7,0x1,0x0 },
 151          { 0xFF,0x7,0x1,0x0 },
 152          { 0xFF,0x3,0x2,0x0 },
 153          { 0xFF,0x0,0x2,0x0 },
 154          { 0x3F,0x0,0x4,0x0 },
 155          { 0x3F,0x0,0xC,0x0 },
 156          { 0x7F,0x0,0x8,0x0 },
 157          { 0xFF,0x0,0x18,0x0 },
 158          { 0xFF,0x0,0x38,0x0 },
 159          { 0xFF,0x0,0x20,0x0 },
 160          { 0xFF,0x1,0x20,0x0 },
 161          { 0xFF,0x1,0x60,0x0 },
 162          { 0xFF,0x7,0xE0,0x0 },
 163          { 0xFF,0x7,0x40,0x0 },
 164          { 0xFF,0x7,0x0,0x0 },
 165          { 0xFF,0xF,0x80,0x0 },
 166          { 0xFF,0xF,0x80,0x0 },
 167          { 0xFF,0x5,0x80,0x1 },
 168          { 0xFF,0x19,0x80,0x1 },
 169          { 0xF,0x30,0x0,0x1 },
 170          { 0x3,0x60,0x0,0x3 },
 171          { 0x1,0x40,0x0,0x2 },
 172          { 0x3,0x40,0x0,0x2 },
 173          { 0x7,0x40,0x0,0x6 },
 174          { 0xF,0x80,0x0,0x6 },
 175          { 0x1F,0x80,0x1,0x4 },
 176          { 0x3F,0x0,0x1,0x4 },
 177          { 0x3F,0x0,0x1,0x4 },
 178          { 0x7F,0x0,0x2,0x4 },
 179          { 0xFF,0x0,0x2,0xC },
C51 COMPILER V9.00   POV_DAT                                                               07/06/2013 06:42:52 PAGE 4   

 180          { 0xFF,0x0,0x8,0x8 },
 181          { 0xFF,0x1,0x8,0x8 },
 182          { 0xFF,0x1,0xC,0x8 },
 183          { 0xFF,0x1,0xC,0x8 },
 184          { 0xFF,0x7,0x18,0x8 },
 185          { 0xFF,0x7,0x10,0x8 },
 186          { 0xFF,0x7,0x10,0x8 },
 187          { 0xFF,0x1F,0x0,0x8 },
 188          { 0xFF,0x1F,0x20,0x8 },
 189          { 0xFF,0x1F,0x20,0x8 },
 190          { 0xFF,0x3F,0x20,0x8 },
 191          { 0xFF,0x3F,0x0,0x8 },
 192          { 0xFF,0x7F,0x0,0x8 },
 193          { 0xFF,0x7F,0x40,0x8 },
 194          { 0xFF,0xFF,0x40,0x8 },
 195                  ///
 196          };
 197          //爱
 198          uchar code pic1[][4]=
 199          {
 200          { 0xFF,0x1F,0x0,0x0 },{ 0xFF,0x1F,0x0,0x0 }, { 0xFF,0x1F,0x0,0x0 },     { 0xFF,0x1F,0x0,0x0 },
 201          { 0xFF,0x1F,0x0,0x0 },{ 0xFF,0xFF,0x0,0x0 }, { 0xFF,0xFF,0x7,0x0 }, { 0xFF,0xFF,0x1F,0x0 },
 202          { 0xFF,0xFF,0x7F,0x0 },{ 0xFF,0xFF,0xFF,0x0 },{ 0xFF,0xFF,0xFF,0x1 },{ 0xFF,0xFF,0xFF,0x1 },
 203          { 0xFF,0xFF,0xFF,0x3 },{ 0xFF,0x9F,0xFF,0x7 },{ 0xFF,0x1F,0xFF,0x7 },{ 0xFF,0x3F,0xFC,0xF },
 204          { 0xFF,0x1F,0xFC,0xF },{ 0xFF,0x3F,0xF8,0xF },{ 0xFF,0x3F,0xF0,0xF },{ 0xFF,0x1F,0xE0,0x1F },
 205          { 0xFF,0x1F,0xE0,0x1F },{ 0xFE,0x1F,0xC0,0x1F },{ 0xFC,0x1F,0xC0,0x1F },{ 0xF8,0x1F,0xC0,0x1F },
 206          { 0xF0,0x1F,0x80,0x1F },{ 0xE0,0x1F,0x80,0x3F },{ 0xC0,0x1F,0x80,0x3F },{ 0xC0,0x1F,0x0,0x3F },
 207          { 0x0,0x1F,0x0,0x3F },{ 0x0,0x1E,0x4,0x3F },{ 0x1,0x1E,0xC,0x3F }, { 0x7,0xC,0x8,0x3F },
 208          { 0x7,0xC,0xC,0x3E },{ 0xF,0x0,0xC,0x3E },{ 0x1F,0x0,0x1E,0x3E },{ 0x3F,0x0,0x1C,0x3E },
 209          { 0x3F,0x0,0x1E,0x3E },{ 0x3F,0x0,0x1E,0x3E },{ 0xFF,0x0,0x1E,0x3E },{ 0xFF,0x0,0x1F,0x3E },
 210          { 0xFF,0x0,0x1F,0x3E },{ 0xFF,0x1,0x1F,0x3E },{ 0xFF,0x1,0x1E,0x3C },{ 0xFF,0x1,0x1E,0x3C },
 211          { 0xFF,0x0,0x1C,0x3C },{ 0xFF,0x0,0x1C,0x3C },{ 0xFF,0x0,0x1C,0x3C },{ 0xFF,0x0,0x18,0x3C },
 212          { 0xFF,0x0,0x18,0x3C },{ 0x7F,0x0,0x18,0x3C },{ 0x7F,0x0,0x10,0x3C },{ 0x7F,0x0,0x10,0x3C },
 213          { 0x7F,0x0,0x0,0x3C }, { 0x1F,0x20,0x0,0x3E },{ 0x1F,0x38,0x0,0x3E },{ 0x1F,0x78,0x0,0x3E },
 214          { 0x7,0x78,0x0,0x3E },{ 0x7,0xFE,0x0,0x3E }, { 0x3,0xFE,0x0,0x3E },{ 0x3,0xFE,0x0,0x3F },
 215          { 0x1,0xFF,0x0,0x3F },{ 0x0,0xFF,0x1,0x3F },{ 0xC0,0xFF,0x1,0x3F },     { 0xE0,0xFF,0x1,0x3F },
 216          { 0xF1,0xFF,0x1,0x3F },{ 0xF9,0xFF,0x3,0x3F },{ 0xFB,0xFF,0x0,0x1E },{ 0xFF,0x37,0x0,0x1E },
 217          { 0xFF,0x1,0x0,0x1A },{ 0xB,0x0,0x0,0x1A },{ 0x1,0x0,0x0,0x10 },{ 0x3,0x0,0x0,0x10 },
 218          { 0x1,0x0,0x0,0x0 },{ 0x1,0x0,0x0,0x0 }, { 0x1,0x0,0x0,0x0 }, { 0xA1,0x2A,0x0,0x0 },
 219          { 0xFF,0x7F,0x1,0x0 },{ 0xFF,0xFF,0x1,0x0 },{ 0xFF,0xFF,0x3,0x0 },{ 0xFF,0xFF,0x17,0x0 },
 220          { 0xFF,0xFF,0x1F,0x0 },{ 0xFF,0xFF,0x1F,0x0 },{ 0xFF,0xFF,0x1F,0x0 },{ 0xFF,0xFF,0x1F,0x0 },
 221          { 0xFF,0xFF,0x7,0x0 },{ 0xFF,0xFF,0x0,0x0 },{ 0xFF,0xF,0x0,0x0 },  { 0xFF,0xF,0x0,0x0 },
 222          { 0xFF,0xF,0x0,0x0 }, { 0xFF,0xF,0x0,0x0 },{ 0xFF,0xF,0x0,0x0 }, { 0xFF,0xF,0x0,0x0 },
 223          { 0xFF,0xF,0x0,0x0 }, { 0x3F,0x0,0x0,0x0 },     { 0x3F,0x0,0x0,0x0 }, { 0x3F,0xF0,0x0,0x0 },
 224          { 0x3F,0xF0,0x7,0x0 }, { 0x3F,0xF0,0x1F,0x0 }, { 0x1F,0xF0,0x7F,0x0 },{ 0x1F,0xF8,0xFF,0x0 },
 225          { 0x1F,0xF8,0xFF,0x1 }, { 0xF,0xF0,0xFF,0x1 }, { 0xF,0xC0,0xFF,0x1 },{ 0xF,0x80,0xFF,0x1 },
 226          { 0x3F,0x0,0xFF,0x0 }, { 0xFF,0x0,0xFC,0x0 }, { 0xFF,0x1,0xFC,0x0 }, { 0xFF,0x3,0xF8,0x1 },
 227          { 0xFF,0x7,0xF0,0x1 }, { 0xFF,0xF,0xE0,0x1 }, { 0xF7,0x1F,0xE0,0x0 },{ 0xE7,0xD,0xC0,0x0 },
 228          { 0xC0,0x0,0xC0,0x0 },{ 0xC0,0x0,0x40,0x0 },{ 0x80,0x0,0x0,0x0 },{ 0x1,0x0,0x1,0x0 },
 229          { 0x3,0x0,0x1,0x0 }, { 0x7,0x0,0x1,0x0 }, { 0x7,0x0,0x3,0x0 },  { 0xF,0x88,0x3,0x0 },
 230          { 0x1F,0xFC,0x3,0x0 },{ 0x1F,0xF8,0x7,0x0 }, { 0x3F,0xF8,0x7,0x0 },{ 0x3F,0xF0,0x7,0x0 },
 231          { 0x7F,0xF0,0x7,0x2 },{ 0x7F,0xF0,0xF,0x2 }, { 0x7F,0xF0,0xF,0x2 },{ 0x7F,0xE0,0xF,0x2 },
 232          { 0x7F,0xE0,0xF,0x22 },{ 0x7F,0x30,0xE,0x22 }, { 0x7F,0x30,0xC,0x22 },{ 0x7F,0x0,0x4,0x22 },
 233          { 0x7F,0x0,0x0,0x22 }, { 0x7F,0x0,0x0,0x22 }, { 0x7F,0x0,0x0,0x22 },{ 0x7F,0x0,0x0,0x22 },
 234          { 0x7F,0x0,0x0,0x22 },{ 0x7F,0x0,0x0,0x22 }, { 0x7F,0x10,0x0,0x22 }, { 0x7F,0x10,0x0,0x22 },
 235          { 0x7F,0x70,0x0,0x2E }, { 0x3F,0x70,0x0,0x3E }, { 0x3F,0xF0,0x8,0x3E }, { 0x1F,0xF0,0xC,0x3E },
 236          { 0x1F,0xFC,0xD,0x3E },{ 0x1F,0xFC,0xF,0x3E }, { 0xF,0xFC,0x7,0x3E }, { 0x7,0xFE,0x7,0x3E },
 237          { 0x3,0xFE,0x7,0x3E },{ 0x3,0xFE,0x7,0x3F }, { 0x1,0xFF,0x3,0x3F },     { 0x0,0xFF,0x3,0x3F },
 238          { 0x80,0x5D,0x3,0x3F }, { 0xC0,0x0,0x0,0x3F }, { 0x40,0x0,0x80,0x3F }, { 0x60,0x0,0x80,0x3F },
 239          { 0x70,0x0,0x80,0x1F }, { 0x7C,0x0,0xC0,0x1F },  { 0x3F,0x0,0xC0,0x1F }, { 0x7F,0x0,0xC0,0x1F },
 240          { 0xFF,0x17,0xE0,0x1F },{ 0xFF,0xF,0xE0,0x1F }, { 0xFF,0x7,0xF0,0xF }, { 0xFF,0x3,0xF8,0xF },
 241          { 0xFF,0x1,0xFC,0xF },{ 0x7F,0x0,0xFE,0x7 },  { 0x3F,0x0,0xFF,0x7 },  { 0xF,0x80,0xFF,0x7 },
C51 COMPILER V9.00   POV_DAT                                                               07/06/2013 06:42:52 PAGE 5   

 242          { 0xF,0xC0,0xFF,0x3 },{ 0xF,0xF0,0xFF,0x1 }, { 0x1F,0xF8,0xFF,0x1 },  { 0x1F,0xF8,0xFF,0x0 },
 243          { 0x1F,0xF0,0x7F,0x0 }, { 0x3F,0xF0,0x1F,0x0 }, { 0x3F,0xF0,0x7,0x0 }, { 0x3F,0xF0,0x0,0x0 },
 244          { 0x3F,0x10,0x0,0x0 }, { 0x3F,0x10,0x0,0x0 },   { 0xFF,0x1F,0x0,0x0 },  { 0xFF,0x1F,0x0,0x0 },
 245          } ;
 246          //中国义乌
 247          uchar code pic2[][4]=
 248          {
 249          {0xFF,0xFF,0xFF,0xFF},{0xFF,0xFF,0xFF,0xFF},{0xFF,0xFF,0xFF,0xFF},{0xFF,0xFF,0xFF,0xFF},
 250          {0xFF,0xFF,0xFF,0xFF},{0xFF,0xFF,0xFF,0xFF},{0xFF,0xFF,0xFF,0xFF},{0xFF,0xFF,0xFF,0xFF},
 251          {0xFF,0xFF,0xFF,0xFF},{0xFF,0xF7,0xF7,0xFF},{0xFF,0xC7,0xE3,0xFF},{0xFF,0x7,0xE0,0xFF},
 252          {0xFF,0xF,0xE0,0xFF},{0xFF,0xF,0xE0,0xFF},{0xFF,0xF,0xE0,0xFF},{0xFF,0x8F,0xC0,0xFF},
 253          {0x9F,0x8F,0xC1,0xFF},{0x1F,0xF,0xC3,0xFF},{0x1F,0xC,0xC7,0xFF},{0x1F,0x10,0x86,0xFF},
 254          {0x9F,0x30,0x4,0xFF},{0x9F,0x23,0xC,0xFF},{0x8F,0x42,0xC,0xFF},{0x8F,0x8C,0x8,0xFF},
 255          {0x8F,0x88,0x9,0xFE},{0x8F,0x10,0x7,0xFE},{0x9F,0x10,0x7,0xFE},{0x1F,0x21,0xC6,0xFE},
 256          {0x3F,0x23,0xE2,0xFF},{0x7F,0x2,0xE2,0xFF},{0xFF,0x7,0xF0,0xFF},{0xFF,0x47,0xF0,0xFF},
 257          {0xFF,0x4F,0xF8,0xFF},{0xFF,0xF,0xF8,0xFF},{0xFF,0xF,0xFC,0xFF},{0xFF,0x8F,0xFE,0xFF},
 258          {0xFF,0x8F,0xFF,0xFF},{0xFF,0x8F,0xFF,0xFF},{0xFF,0x8F,0xFF,0xFF},{0xFF,0x9F,0xFF,0xFF},
 259          {0xFF,0x9F,0xFF,0xFF},{0xFF,0x9F,0xFF,0xFF},{0xFF,0xFF,0xFF,0xFF},{0xFF,0xFF,0xFF,0xFF},
 260          {0xFF,0xFF,0xFF,0xFF},{0xFF,0xFF,0xFF,0xFF},{0xFF,0xFF,0xFF,0xFF},{0xFF,0x9F,0xFF,0xFF},
 261          {0xFF,0x8F,0xFF,0xFF},{0xFF,0x8F,0xFF,0xFF},{0xFF,0x8F,0xFF,0xFF},{0xFF,0xF,0xFF,0xFF},
 262          {0xFF,0x7,0xFF,0xFF},{0xFF,0x7,0xFF,0xFF},{0xFF,0x7,0xFF,0xFF},{0xFF,0xF,0xFF,0xFF},
 263          {0xFF,0xF,0xFF,0xFF},{0xFF,0x1F,0xFF,0xFF},{0xFF,0x1F,0xFF,0xFF},{0xFF,0x1F,0xFF,0xFF},
 264          {0xFF,0x3F,0xFF,0xFF},{0xFF,0x3F,0xFF,0xFF},{0xFF,0x3F,0xFF,0xFF},{0xFF,0x3F,0xFF,0xFF},
 265          {0xFF,0x7,0xFC,0xFF},{0xFF,0x0,0xE0,0xFF},{0x3F,0x0,0x0,0xFF},{0x1F,0x30,0x1,0xFE},
 266          {0xF,0x3E,0x7,0xFE},{0xF,0x3F,0xF,0xFE},{0x8F,0x1F,0x1B,0xFE},{0x9F,0x9F,0x19,0xFF},
 267          {0xFF,0x8F,0xD9,0xFF},{0xFF,0x87,0xF9,0xFF},{0xFF,0x87,0xF9,0xFF},{0xFF,0xC3,0xF8,0xFF},
 268          {0xFF,0xC7,0xF8,0xFF},{0xFF,0xE7,0xF8,0xFF},{0xFF,0x6F,0xF8,0xFF},{0xFF,0xFF,0xF8,0xFF},
 269          {0xFF,0xFF,0xFC,0xFF},{0xFF,0xFF,0xFF,0xFF},{0xFF,0xFF,0xFF,0xFF},{0xFF,0xFF,0xFF,0xFF},
 270          {0xFF,0xFF,0xFF,0xFF},{0xFF,0xFF,0xFF,0xFF},{0xFF,0xFF,0xFF,0xFF},{0xFF,0xFF,0xFF,0xFF},
 271          {0xFF,0xFF,0xFF,0xFF},{0xFF,0xFF,0xFF,0xFF},{0xFF,0xFF,0xFF,0xFF},{0xFF,0xFF,0xFF,0xFF},
 272          {0xFF,0xFF,0xFF,0xFF},{0xFF,0xFF,0xFF,0xFF},{0xFF,0xFF,0xFF,0xFF},{0xFF,0xFF,0xFF,0xFF},
 273          {0xFF,0xFF,0xFF,0xFF},{0xFF,0xFF,0xFF,0xFF},{0xFF,0xFF,0xEF,0xFF},{0xFF,0xFF,0xCF,0xFF},
 274          {0xFF,0xFF,0xCF,0xFF},{0xFF,0xFF,0xC7,0xFF},{0xFF,0xF9,0xC7,0xFF},{0xFF,0xF9,0xC7,0xFF},
 275          {0xFF,0xF1,0xC7,0xFF},{0xFF,0xE1,0xE3,0xFF},{0xFF,0xE1,0xE3,0xFF},{0xFF,0xC1,0xE3,0xFF},
 276          {0xFF,0x81,0xE3,0xFF},{0x3F,0x88,0xF1,0xFF},{0x1F,0xC,0xF1,0xFF},{0x3F,0x1C,0xF8,0xFF},
 277          {0x7F,0x3C,0xF8,0xFF},{0x7F,0x38,0xFC,0xFF},{0xFF,0x38,0xFC,0xFF},{0xFF,0x30,0xFC,0xFF},
 278          {0xFF,0x11,0xF8,0xFF},{0xFF,0x1,0xF8,0xFF},{0xFF,0x83,0xF0,0xFF},{0xFF,0xC3,0xF1,0xFF},
 279          {0xFF,0xC1,0xF1,0xFF},{0xFF,0xC3,0xF1,0xFF},{0xFF,0xCF,0xE3,0xFF},{0xFF,0x8F,0xE3,0xFF},
 280          {0xFF,0x8F,0xE3,0xFF},{0xFF,0x9F,0xC3,0xFF},{0xFF,0x1F,0xC1,0xFF},{0xFF,0x1F,0xC0,0xFF},
 281          {0xFF,0x3F,0xF0,0xFF},{0xFF,0x3F,0xF8,0xFF},{0xFF,0x3F,0xFC,0xFF},{0xFF,0x3F,0xFC,0xFF},
 282          {0xFF,0x3F,0xFE,0xFF},{0xFF,0x7F,0xFF,0xFF},{0xFF,0xFF,0xFF,0xFF},{0xFF,0xFF,0xFF,0xFF},
 283          {0xFF,0xFF,0xFF,0xFF},{0xFF,0xFF,0xFF,0xFF},{0xFF,0xFF,0xFF,0xFF},{0xFF,0xFF,0xFF,0xFF},
 284          {0xFF,0xFF,0xFF,0xFF},{0xFF,0x1F,0xFE,0xFF},{0xFF,0x1F,0xFE,0xFF},{0xFF,0x1F,0xFC,0xFF},
 285          {0xFF,0x1F,0xF0,0xFF},{0xFF,0x1F,0xE0,0xFF},{0xFF,0x8F,0xC1,0xFF},{0xFF,0xF,0x4,0xFF},
 286          {0xFF,0x4F,0xC,0xFF},{0xFF,0x47,0x10,0xFC},{0xFF,0x27,0x22,0xFC},{0xFF,0x3,0x72,0xFC},
 287          {0xFF,0x13,0x51,0xF8},{0xFF,0x1,0xD1,0xF8},{0xFF,0x88,0x90,0xF8},{0x7F,0x4,0x88,0xF1},
 288          {0x7F,0x0,0x84,0xF0},{0x3F,0x2,0x86,0xF0},{0x1F,0x11,0x0,0xF0},{0x8F,0x8,0x40,0xF0},
 289          {0x7,0x0,0x20,0xF0},{0x7,0x40,0x0,0xF0},{0x1F,0x3,0x8,0xFC},{0x3F,0x11,0xC,0xFC},
 290          {0x7F,0x1E,0x2,0xFE},{0xFF,0xC,0x1,0xFF},{0xFF,0x84,0xC0,0xFF},{0xFF,0x44,0xC0,0xFF},
 291          {0xFF,0x29,0xE0,0xFF},{0xFF,0x19,0xF8,0xFF},{0xFF,0x1,0xFC,0xFF},{0xFF,0x3,0xFE,0xFF},
 292          {0xFF,0x83,0xFF,0xFF},{0xFF,0xE3,0xFF,0xFF},{0xFF,0xE3,0xFF,0xFF},{0xFF,0xF7,0xFF,0xFF},
 293          {0xFF,0xFF,0xFF,0xFF},{0xFF,0xFF,0xFF,0xFF},{0xFF,0xFF,0xFF,0xFF},{0xFF,0xFF,0xFF,0xFF},
 294          {0xFF,0xFF,0xFF,0xFF},{0xFF,0xFF,0xFF,0xFF},{0xFF,0xFF,0xFF,0xFF},{0xFF,0xFF,0xFF,0xFF},
 295          } ;
 296          
 297          //I LOVE YOU 
 298          uchar code pic3[][4]={
 299          {0xFF,0x1F,0x7E,0x80},{0x1F,0x10,0x7E,0x80},{0x1F,0x0,0x7E,0x80},{0x1F,0x0,0x7E,0xC0},
 300          {0x1F,0x0,0x7E,0xC0},{0xFF,0x3,0x7E,0xC0},{0xFF,0x3F,0xFE,0xC0},{0xFF,0xFF,0x7F,0xC0},
 301          {0xFF,0xFF,0xFF,0xC0},{0xFF,0xFF,0xFF,0xC0},{0xFF,0xFF,0x7F,0xC0},{0x3F,0xFE,0xFF,0xC0},
 302          {0x3F,0xF8,0xFF,0xC0},{0x1F,0xFC,0xFF,0xC0},{0x1F,0xFC,0xFF,0xC1},{0xF,0xFE,0xFF,0xE3},
 303          {0x7,0x7E,0xFF,0xE3},{0x7,0x3F,0xFE,0xE3},{0x3,0x3F,0xFC,0xE7},{0x81,0x1F,0xFC,0xF7},
C51 COMPILER V9.00   POV_DAT                                                               07/06/2013 06:42:52 PAGE 6   

 304          {0xC1,0x1F,0xFC,0xF7},{0xE1,0xF,0xFC,0xFF},{0xE1,0x7,0xFC,0xFF},{0xE1,0x3,0xFE,0xFF},
 305          {0xC1,0x3,0xFF,0xFF},{0x83,0x0,0xFF,0xFF},{0x7,0x80,0xFF,0xFF},{0xF,0xC0,0xFF,0xFF},
 306          {0x1F,0xE0,0xFF,0xFF},{0x1F,0xF0,0xE1,0xFF},{0xFF,0x7F,0xC0,0xFF},{0xFF,0x3F,0xC0,0xFF},
 307          {0xFF,0x1F,0x80,0xFF},{0xFF,0xF,0x80,0xFF},{0xFF,0x7,0x0,0xFF},{0xFF,0x7,0x0,0xFF},
 308          {0xFF,0x3,0x0,0xFF},{0xFF,0x3,0x7,0xFF},{0xFF,0x83,0xF,0xFF},{0xFF,0xC1,0xF,0xFF},
 309          {0xFF,0xE1,0x1F,0xFF},{0xFF,0xE1,0x1F,0xFF},{0xFF,0xE1,0x1F,0xFF},{0xFF,0xF1,0x1F,0xFF},
 310          {0xFF,0xE1,0x1F,0xFF},{0xFF,0xE1,0xF,0xFF},{0xFF,0xE1,0xF,0xFF},{0xFF,0x83,0xF,0xFF},
 311          {0xFF,0x3,0x0,0xFF},{0xFF,0x3,0x0,0xFF},{0xFF,0x7,0x0,0xFF},{0xFF,0x7,0x0,0xFF},
 312          {0xFF,0xF,0x80,0xFF},{0xFF,0x1F,0x80,0xFF},{0xFF,0x3F,0xC0,0xFF},{0xFF,0xFF,0xC0,0xFF},
 313          {0xFF,0xFF,0xE1,0xFF},{0xFF,0xFF,0xFF,0xFF},{0xFF,0xFF,0xFF,0xFF},{0x3F,0xFF,0xFF,0xFF},
 314          {0x3F,0xFC,0xFF,0xFF},{0x1F,0xF8,0xFF,0xFF},{0x1F,0x0,0xC0,0xFF},{0x3F,0x0,0xC0,0xFF},
 315          {0x7F,0x0,0xC0,0xFF},{0xFF,0x0,0xE0,0xFF},{0xFF,0x1,0xE0,0xFF},{0xFF,0x3,0xE0,0xFF},
 316          {0xFF,0x43,0xF0,0xFF},{0xFF,0xC3,0xF3,0xFF},{0xFF,0xC3,0xFF,0xFF},{0xFF,0xC3,0xFF,0xFF},
 317          {0xFF,0xC3,0xFF,0xFF},{0xFF,0xC3,0xFF,0xFF},{0xFF,0xC3,0xFF,0xE3},{0xFF,0xC3,0xFF,0xC1},
 318          {0xFF,0xC3,0xFF,0xC0},{0xFF,0xF3,0xFF,0xC0},{0xFF,0xFB,0x7F,0xC0},{0xFF,0xFF,0x3F,0x80},
 319          {0xFF,0xFF,0x3F,0x80},{0xFF,0xFF,0x1F,0x80},{0xFF,0xFF,0xF,0x80},{0xFF,0xFF,0xF,0x80},
 320          {0xFF,0xBF,0x7,0x80},{0xFF,0x83,0x7,0x80},{0x1F,0x80,0x3,0x80},{0xF,0x80,0x3,0x81},
 321          {0xF,0x80,0x83,0x81},{0xF,0x80,0xC1,0x83},{0xF,0xFF,0xC1,0x83},{0xF,0xFF,0xC1,0x83},
 322          {0xF,0xFF,0xC1,0x83},{0xF,0xFF,0xE1,0x87},{0xF,0xFF,0xE1,0x87},{0xF,0xFF,0xE0,0x87},
 323          {0x7,0xFF,0xE0,0x87},{0x7,0xFF,0xE0,0x87},{0x87,0xFF,0xE0,0x87},{0x83,0xFF,0xE0,0x87},
 324          {0x83,0xFF,0xF0,0x87},{0x8F,0xFF,0xF0,0x87},{0xFF,0xFF,0xF0,0x87},{0xFF,0xFF,0xF0,0x87},
 325          {0xFF,0xFF,0xF0,0x83},{0xFF,0xFF,0xF0,0x83},{0xFF,0xFF,0xF0,0x83},{0xFF,0xFF,0xE0,0x83},
 326          {0xFF,0xFF,0xE0,0x83},{0xFF,0xFF,0xE1,0x83},{0xFF,0xFF,0xE1,0x81},{0xFF,0xFF,0xC1,0x80},
 327          {0xFF,0xFF,0x3,0x80},{0xFF,0xFF,0x3,0x80},{0xFF,0xFF,0x3,0x80},{0xFF,0xFF,0x7,0x80},
 328          {0xFF,0xFF,0x7,0x80},{0xFF,0xFF,0xF,0x80},{0xFF,0xFF,0xF,0xC0},{0xFF,0xFF,0x1F,0xC0},
 329          {0xFF,0xFF,0x1F,0xC0},{0xFF,0xFF,0x3F,0xC0},{0xFF,0xFF,0x3F,0xC0},{0xFF,0xFF,0x7F,0xE0},
 330          {0xFF,0xFF,0xFF,0xE0},{0xFF,0xFF,0xFF,0xF0},{0xFF,0xFF,0xFF,0xFF},{0xFF,0xFF,0xFF,0xFF},
 331          {0xFF,0xFF,0xFF,0xFF},{0xFF,0xFF,0xFF,0xFF},{0xFF,0x7F,0xFE,0xFF},{0xFF,0x3,0xFE,0xFF},
 332          {0x7,0x0,0xBE,0xFF},{0x7,0x0,0x3E,0xFE},{0x7,0x0,0x3E,0xFE},{0x7,0x0,0x3E,0xFC},
 333          {0x7,0x0,0x3E,0xFC},{0xFF,0xF,0x3E,0xF8},{0xFF,0xFF,0x3F,0xF8},{0xFF,0xFF,0x3F,0xF0},
 334          {0xFF,0xFF,0x3F,0xF0},{0xFF,0xFF,0x3F,0xE0},{0xFF,0xFF,0x3F,0xE0},{0xFF,0xFF,0x3F,0xE0},
 335          {0xFF,0xFF,0x3F,0xE0},{0xFF,0xFF,0x7F,0xE0},{0xFF,0xFF,0x7F,0xE0},{0xFF,0xFF,0xFF,0xC0},
 336          {0xFF,0xFF,0xFF,0xC0},{0xFF,0xFF,0xFF,0xC0},{0xFF,0xFF,0xFF,0xC1},{0xFF,0xFF,0xFF,0xC1},
 337          {0xFF,0xFF,0xFF,0xC1},{0xFF,0xFF,0xFF,0xC1},{0xFF,0xFF,0xFF,0xC1},{0xFF,0xFF,0xFF,0xC3},
 338          {0xFF,0xFF,0xFF,0x83},{0xFF,0xFF,0xFB,0x83},{0xFF,0xFF,0xF3,0x83},{0xFF,0xFF,0xE1,0x83},
 339          {0xFF,0xFF,0xC0,0x83},{0xFF,0xFF,0xC0,0x87},{0xFF,0xFF,0x80,0x87},{0xFF,0xFF,0x81,0x87},
 340          {0xFF,0x9F,0x3,0x87},{0xFF,0x87,0x3,0x87},{0xFF,0x83,0x3,0x87},{0xFF,0x0,0x7,0x86},
 341          {0x3F,0x0,0xF,0x86},{0xF,0x0,0xF,0x86},{0xF,0x8,0xF,0x84},{0xF,0xF,0x1E,0x84},
 342          {0xEF,0xF,0x1E,0x84},{0xFF,0x7,0x3E,0x84},{0x7F,0x0,0x3E,0x84},{0x3F,0x0,0x3E,0x84},
 343          {0x3F,0x0,0x3E,0x84},{0x3F,0x1C,0x3E,0x80},{0xFF,0x1F,0x7E,0x80},{0xFF,0x1F,0x7E,0x80},
 344          {0xFF,0xFF,0xFF,0xFF},{0xFF,0xFF,0xFF,0xFF},{0xFF,0xFF,0xFF,0xFF},{0xFF,0xFF,0xFF,0xFF},
 345          };
 346          
 347          
 348          //星光饰品 
 349          /*
 350          uchar code pic3[][4]={
 351          {0xFF,0xFF,0xFF,0xFF},{0xFF,0xFF,0xFF,0xFF},{0xFF,0xFF,0xFF,0xFF},{0xFF,0xFF,0xFF,0xFF},
 352          {0xFF,0xFF,0xFF,0xFF},{0xFF,0xFF,0xFF,0xFF},{0xFF,0xFF,0xFF,0xFF},{0xFF,0xF3,0xFF,0xFF},
 353          {0xFF,0xC3,0xFF,0xFF},{0xFF,0x3,0xFE,0xFF},{0xFF,0x3,0xF8,0xFF},{0xFF,0x3,0xF8,0xFF},
 354          {0xFF,0xE3,0xF0,0xFF},{0xFF,0xE3,0xE1,0xFF},{0xFF,0xC7,0xC3,0xFF},{0x9F,0x7,0x87,0xFF},
 355          {0x1F,0x7,0x6,0xFF},{0x1F,0xE,0xE,0xFF},{0xF,0x38,0xC,0xFF},{0xF,0x30,0xC,0xFF},
 356          {0x87,0xE0,0x0,0xFF},{0x87,0xE1,0x0,0xFF},{0x7,0xA1,0x81,0xFF},{0xF,0x11,0xC1,0xFF},
 357          {0x1F,0x18,0xC1,0xFF},{0x3F,0x18,0xE3,0xFF},{0x7F,0x8,0xE2,0xFF},{0xFF,0xC,0xE2,0xFF},
 358          {0xFF,0x4,0xE0,0xFF},{0xFF,0x7,0xF4,0xFF},{0xFF,0x63,0xF4,0xFF},{0xFF,0x67,0xFC,0xFF},
 359          {0xFF,0x47,0xFC,0xFF},{0xFF,0x47,0xF8,0xFF},{0xFF,0x7,0xF8,0xFF},{0xFF,0xF,0xF8,0xFF},
 360          {0xFF,0xF,0xFC,0xFF},{0xFF,0x8F,0xFF,0xFF},{0xFF,0x8F,0xFF,0xFF},{0xFF,0xCF,0xFF,0xFF},
 361          {0xFF,0xFF,0xFF,0xFF},{0xFF,0xFF,0xFF,0xFF},{0xFF,0xFF,0xFF,0xFF},{0xFF,0xFF,0xFF,0xFF},
 362          {0xFF,0xFF,0xFF,0xFF},{0xFF,0xFF,0xFF,0xFF},{0xFF,0xFF,0xFF,0xFF},{0xFF,0xFF,0xFF,0xFF},
 363          {0xFF,0xFF,0xFF,0xFF},{0xFF,0xFF,0xFF,0xFF},{0xFF,0xF,0xDC,0xF3},{0xFF,0xF,0x80,0xF1},
 364          {0xFF,0x3F,0x80,0xF1},{0xFF,0xFF,0x80,0xF0},{0xFF,0xFF,0x83,0xF8},{0xFF,0xE1,0x8F,0xF8},
 365          {0xFF,0x81,0xCF,0xF8},{0xFF,0x3,0xCF,0xF8},{0xFF,0xF,0x44,0xF8},{0xFF,0x3F,0xC0,0xF8},
C51 COMPILER V9.00   POV_DAT                                                               07/06/2013 06:42:52 PAGE 7   

 366          {0xFF,0xFF,0x40,0xF8},{0xFF,0xFF,0x41,0xFC},{0xFF,0xE0,0x41,0xFC},{0xFF,0x81,0x41,0xFC},
 367          {0xFF,0x7,0x40,0xFC},{0xFF,0x1F,0x40,0xFC},{0xFF,0x3F,0x40,0xFE},{0xF,0x60,0x18,0xFE},
 368          {0xF,0xC0,0x38,0xFE},{0x1F,0x80,0x1C,0xFE},{0x7F,0xF8,0x5,0xFF},{0xFF,0xF0,0x1,0xFF},
 369          {0xFF,0xE1,0x81,0xFF},{0xFF,0x83,0x83,0xFF},{0xFF,0x3,0x83,0xFF},{0xFF,0x3,0x84,0xFF},
 370          {0xFF,0x27,0x8C,0xFF},{0xFF,0x7,0x88,0xFF},{0xFF,0x1,0x98,0xFF},{0xFF,0x3,0x9C,0xFF},
 371          {0xFF,0x7,0x9F,0xFF},{0xFF,0xF,0xFF,0xFF},{0xFF,0x1F,0xFF,0xFF},{0xFF,0x3F,0xFF,0xFF},
 372          {0xFF,0xFF,0xFF,0xFF},{0xFF,0xFF,0xFF,0xFF},{0xFF,0xFF,0xFF,0xFF},{0xFF,0xFF,0xFF,0xFF},
 373          {0xFF,0xFF,0xFF,0xFF},{0xFF,0xFF,0xFF,0xFF},{0xFF,0xFF,0xFF,0xFF},{0xFF,0xFF,0xFF,0xFF},
 374          {0xFF,0xFF,0xFF,0xFF},{0xFF,0xFF,0xFF,0xFF},{0xFF,0xFF,0xFF,0xFF},{0xFF,0xF7,0xFF,0xFF},
 375          {0xFF,0xC3,0xFF,0xFF},{0xFF,0x87,0xFF,0xFF},{0xFF,0xF,0xFE,0xFF},{0xFF,0x1F,0xFC,0xFF},
 376          {0xFF,0x3F,0xF8,0xFF},{0xFF,0x4F,0xF0,0xFF},{0xFF,0x8F,0xE0,0xFF},{0xFF,0xF,0x83,0xFF},
 377          {0xFF,0x27,0x82,0xFF},{0xFF,0x43,0x0,0xF8},{0xFF,0x43,0x0,0xF8},{0xFF,0x83,0x0,0xF0},
 378          {0xFF,0x11,0x20,0xF0},{0xFF,0x8,0x61,0xE0},{0xFF,0x8,0x60,0xE0},{0xFF,0x5,0x40,0xE0},
 379          {0xFF,0x7,0x80,0xE0},{0xFF,0x1,0x88,0xE0},{0x3F,0x20,0x88,0xE1},{0x7F,0x0,0x0,0xC1},
 380          {0xFF,0x0,0x10,0xE3},{0xFF,0x48,0x2,0xE3},{0xFF,0x9,0x0,0xC3},{0xFF,0x81,0x20,0xC3},
 381          {0xFF,0x13,0x44,0xE3},{0xFF,0x13,0xC0,0xC3},{0xFF,0x3,0xC8,0xC7},{0xFF,0x27,0xCC,0xE7},
 382          {0xFF,0x7,0xCC,0xE7},{0xFF,0x7,0xFE,0xE7},{0xFF,0xF,0xFE,0xE7},{0xFF,0xF,0xFF,0xE7},
 383          {0xFF,0x1F,0xFF,0xE7},{0xFF,0x9F,0xFF,0xE7},{0xFF,0xFF,0xFF,0xE7},{0xFF,0xFF,0xFF,0xF7},
 384          {0xFF,0xFF,0xFF,0xF7},{0xFF,0xFF,0xFF,0xFF},{0xFF,0xFF,0xFF,0xFF},{0xFF,0xFF,0xFF,0xFF},
 385          {0xFF,0xFF,0xFF,0xFF},{0xFF,0xFF,0xFF,0xFF},{0xFF,0xFF,0xFF,0xFF},{0xFF,0xFF,0xFF,0xFF},
 386          {0xFF,0xFF,0xFF,0xFF},{0xFF,0xFF,0xFF,0xFF},{0xFF,0x7F,0xFE,0xFF},{0xFF,0x7F,0xFC,0xFF},
 387          {0xFF,0x3F,0xFE,0xFF},{0xFF,0x3F,0xF4,0xFF},{0xFF,0x1F,0xE2,0xFF},{0xFF,0x1F,0xC2,0xFD},
 388          {0xFF,0xF,0xC0,0xFD},{0xFF,0xF,0xE1,0xFD},{0xFF,0x8F,0xE0,0xF9},{0xFF,0xDD,0xE0,0xF9},
 389          {0xFF,0x70,0xF0,0xF9},{0xFF,0x0,0xF8,0xF1},{0xFF,0x3,0xF8,0xF0},{0xFF,0x7,0x3C,0xF0},
 390          {0xFF,0x4,0xA,0xF0},{0x7F,0xC,0x3,0xF0},{0x3F,0x6,0x1,0xF0},{0x1F,0x3,0x3,0xF0},
 391          {0xF,0x1,0x2,0xF0},{0x9F,0x0,0xE,0xF8},{0xFF,0x60,0x7C,0xF8},{0xFF,0x70,0xFC,0xFE},
 392          {0xFF,0xF9,0xF8,0xFF},{0xFF,0xFF,0xF8,0xFF},{0xFF,0xFF,0xF8,0xFF},{0xFF,0xFF,0xF0,0xFF},
 393          {0xFF,0x3F,0xF0,0xFF},{0xFF,0x1F,0xF0,0xFF},{0xFF,0xF,0xF0,0xFF},{0x7F,0x0,0xF0,0xFF},
 394          {0x7F,0x0,0xF8,0xFF},{0xFF,0x80,0xFF,0xFF},{0xFF,0xC0,0xFF,0xFF},{0xFF,0xE1,0xFF,0xFF},
 395          {0xFF,0xFF,0xFF,0xFF},{0xFF,0xFF,0xFF,0xFF},{0xFF,0xFF,0xFF,0xFF},{0xFF,0xFF,0xFF,0xFF},
 396          {0xFF,0xFF,0xFF,0xFF},{0xFF,0xFF,0xFF,0xFF},{0xFF,0xFF,0xFF,0xFF},{0xFF,0xFF,0xFF,0xFF},
 397          
 398          };       */
 399          //欢迎你
 400          /*
 401          uchar code pic4[][4]={
 402          {0xFF,0xFF,0xFF,0xFF},{0xFF,0xFF,0xFF,0xFF},{0xFF,0xFF,0xFF,0xFF},{0xFF,0xFF,0xFF,0xFF},
 403          {0xFF,0xFF,0xFF,0xFF},{0xFF,0xFF,0xFF,0xFF},{0xFF,0xFF,0xFF,0xFF},{0xFF,0xFF,0xFF,0xFF},
 404          {0xFF,0xFF,0xFF,0xFF},{0xFF,0xFF,0xFF,0xFF},{0xFF,0xFF,0xFF,0xFF},{0xFF,0xFF,0xFF,0xFF},
 405          {0xFF,0xFF,0xFF,0xFF},{0xFF,0xFF,0xFF,0xFF},{0xFF,0xFF,0xFF,0xFF},{0xFF,0xFF,0xFF,0xFF},
 406          {0xFF,0xFF,0xFF,0xFF},{0xFF,0xFF,0xEF,0xFF},{0xFF,0xFF,0xCF,0xFF},{0xFF,0xFF,0x8F,0xFF},
 407          {0xFF,0xFF,0x87,0xFF},{0xFF,0xFF,0x8F,0xFF},{0xFF,0xFF,0xF,0xFF},{0xFF,0xFF,0xF,0xFF},
 408          {0xFF,0xFF,0xF,0xFE},{0xFF,0xFF,0x7,0xFE},{0xFF,0xFF,0xF,0xFE},{0xFF,0xFF,0x2F,0xFE},
 409          {0xFF,0xEF,0x2F,0xFC},{0xFF,0xCF,0x6F,0xFC},{0xFF,0xF,0x68,0xFC},{0xFF,0xF,0x70,0xFC},
 410          {0xFF,0xF,0x70,0xFC},{0xFF,0xF,0x78,0xFC},{0xFF,0xF,0xDE,0xF4},{0xFF,0xFF,0x8F,0xF0},
 411          {0xFF,0xFF,0x87,0xE0},{0xFF,0xFF,0x83,0xE0},{0xFF,0xFF,0x80,0xE0},{0xFF,0xF,0xE0,0xE0},
 412          {0xFF,0x7,0xF8,0xF0},{0xFF,0xF,0x7E,0xF0},{0xFF,0xCF,0x7F,0xF0},{0xFF,0xFF,0x67,0xF8},
 413          {0xFF,0xFF,0x21,0xF8},{0xFF,0xFF,0x20,0xF8},{0xFF,0x7F,0x20,0xF8},{0xFF,0x3F,0x20,0xFC},
 414          {0xFF,0x3F,0x30,0xFC},{0xFF,0x3F,0x3C,0xFE},{0xFF,0x3F,0x3E,0xFE},{0xFF,0x3F,0x3F,0xFE},
 415          {0xFF,0x7F,0x3F,0xFF},{0xFF,0xC7,0x3F,0xFF},{0xFF,0xF,0x3E,0xFF},{0xFF,0xF,0xF0,0xFF},
 416          {0xFF,0x7F,0xE0,0xFF},{0xFF,0xFF,0xC1,0xF8},{0xFF,0xFF,0x7,0xF8},{0xFF,0xFF,0x7,0xF8},
 417          {0xFF,0xFF,0xF,0xF8},{0xFF,0xFF,0x1F,0xF8},{0xFF,0xFF,0x1F,0xF8},{0xFF,0xFF,0xF,0xF8},
 418          {0xFF,0xFF,0xF,0xF8},{0xFF,0xFF,0xF,0xF8},{0xFF,0xFF,0xF,0xFC},{0xFF,0xFF,0xF,0xFE},
 419          {0xFF,0xFF,0x1F,0xFE},{0xFF,0xFF,0x1F,0xFF},{0xFF,0xFF,0x9F,0xFF},{0xFF,0xFF,0x9F,0xFF},
 420          {0xFF,0xFF,0xFF,0xFF},{0xFF,0xFF,0xFF,0xFF},{0xFF,0xFF,0xFF,0xFF},{0xFF,0xFF,0xFF,0xFF},
 421          {0xFF,0xFF,0xFF,0xFF},{0xFF,0xFF,0xFF,0xFF},{0xFF,0xFF,0xFF,0xFF},{0xFF,0xFF,0xFF,0xFF},
 422          {0xFF,0xFF,0xFF,0xFF},{0xFF,0xFF,0xFF,0xFF},{0xFF,0xFF,0xFF,0xFF},{0xFF,0xFF,0xFF,0xFF},
 423          {0xFF,0xFF,0xFF,0xFF},{0xFF,0xFF,0xFF,0xFF},{0xFF,0xFF,0xFF,0xFF},{0xFF,0xFF,0xFF,0xFF},
 424          {0xFF,0xFF,0xFF,0xFF},{0xFF,0xFF,0xFF,0xFF},{0xFF,0xFF,0xFF,0xFF},{0xFF,0xFF,0xFF,0xFF},
 425          {0xFF,0xFF,0xFF,0xFF},{0xFF,0xFF,0xFF,0xFF},{0xFF,0xFF,0xFF,0xFF},{0xFF,0xFF,0xFF,0xFF},
 426          {0xFF,0xFF,0xFF,0xFF},{0xFF,0xFF,0xFF,0xFF},{0xFF,0xE3,0xFF,0xFF},{0xFF,0xE3,0xFF,0xFF},
 427          {0xFF,0xC3,0xFB,0xFF},{0xFF,0xC1,0xFB,0xFF},{0xFF,0xC7,0xF3,0xFF},{0xFF,0xC7,0xF3,0xFF},
C51 COMPILER V9.00   POV_DAT                                                               07/06/2013 06:42:52 PAGE 8   

 428          {0xFF,0xC7,0xF3,0xFF},{0xFF,0xCF,0xE3,0xFF},{0xFF,0x7,0xF3,0xFF},{0xFF,0x0,0xE2,0xFF},
 429          {0xFF,0x0,0xF2,0xF1},{0x3F,0x0,0xF2,0xF1},{0x1F,0x6,0xF2,0xF0},{0xF,0x4,0x71,0xF0},
 430          {0x1F,0xE4,0x31,0xF0},{0x3F,0xE0,0x1,0xE0},{0x3F,0xE0,0x0,0xE0},{0x7F,0x90,0x0,0xE0},
 431          {0x7F,0x10,0x0,0xE0},{0xFF,0x10,0x0,0xE0},{0xFF,0x13,0x0,0xE0},{0xFF,0x1F,0x0,0xE0},
 432          {0xFF,0xF,0x19,0xE0},{0xFF,0x8F,0x39,0xE0},{0xFF,0x8F,0x79,0xE0},{0xFF,0x87,0xF9,0xE0},
 433          {0xFF,0x7,0xF9,0xE1},{0xFF,0x7,0xF8,0xE1},{0xFF,0x37,0xF8,0xE1},{0xFF,0x3F,0xFC,0xE1},
 434          {0xFF,0x3F,0xFC,0xE3},{0xFF,0x7F,0xFC,0xE3},{0xFF,0x7F,0xFC,0xF3},{0xFF,0x7F,0xFE,0xF3},
 435          {0xFF,0x7F,0xFE,0xF3},{0xFF,0xFF,0xFF,0xF3},{0xFF,0xFF,0xFF,0xFB},{0xFF,0xFF,0xFF,0xFB},
 436          {0xFF,0xFF,0xFF,0xFB},{0xFF,0xFF,0xFF,0xFF},{0xFF,0xFF,0xFF,0xFF},{0xFF,0xFF,0xFF,0xFF},
 437          {0xFF,0x1F,0xFF,0xFF},{0xFF,0x1F,0xF9,0xFF},{0xFF,0x3F,0xF1,0xFF},{0xFF,0x1F,0x89,0xFD},
 438          {0xFF,0x1F,0x89,0xFC},{0xFF,0x9F,0x88,0xF8},{0xFF,0x9F,0xC4,0xF8},{0xFF,0xDF,0x44,0xF8},
 439          {0xFF,0xE7,0x62,0xF8},{0xFF,0xC7,0x22,0xF8},{0xFF,0x83,0x17,0xF8},{0xFF,0x83,0x1F,0xFC},
 440          {0xFF,0x1,0x1F,0xFC},{0xFF,0x0,0x1E,0xFC},{0xFF,0x38,0x38,0xFC},{0xFF,0x79,0x30,0xFC},
 441          {0xFF,0x38,0x10,0xFE},{0x7F,0x10,0x10,0xFE},{0x3F,0x20,0x8,0xFE},{0x1F,0xC6,0xF,0xFF},
 442          {0xF,0xC6,0x87,0xFF},{0xF,0x80,0x87,0xFF},{0x3F,0x80,0xC3,0xFF},{0xFF,0x1F,0xC3,0xFF},
 443          {0xFF,0x3F,0xC1,0xFF},{0xFF,0x7F,0xE0,0xFF},{0xFF,0x7F,0xF0,0xFF},{0xFF,0x7F,0xF0,0xFF},
 444          {0xFF,0x3F,0xF8,0xFF},{0xFF,0x1F,0xF8,0xFF},{0x7F,0x3,0xFC,0xFF},{0x7F,0x0,0xFE,0xFF},
 445          {0xFF,0x0,0xFF,0xFF},{0xFF,0x1,0xFF,0xFF},{0xFF,0x83,0xFF,0xFF},{0xFF,0xC7,0xFF,0xFF},
 446          {0xFF,0xFF,0xFF,0xFF},{0xFF,0xFF,0xFF,0xFF},{0xFF,0xFF,0xFF,0xFF},{0xFF,0xFF,0xFF,0xFF},
 447          
 448          {0xFF,0xFF,0xFF,0xFF},{0xFF,0xFF,0xFF,0xFF},{0xFF,0xFF,0xFF,0xFF},{0xFF,0xFF,0xFF,0xFF},
 449          //{0xFF,0xFF,0xFF,0xFF},{0xFF,0xFF,0xFF,0xFF},{0xFF,0xFF,0xFF,0xFF},{0xFF,0xFF,0xFF,0xFF},
 450          };
 451          */
 452          uchar code hanzi[][16] = {
 453          // 如(0) 果(1) 有(2) 一(3) 天(4) ，(5) 你(6) 来(7) 到(8) 了(9) 我(10) 身(11) 边(12) ！(13)
 454          
 455          {0x18,0x40,0x18,0x61,0xF8,0x33,0xFF,0x1E,0x1F,0x0C,0xF8,0x1F,0xF8,0x33,0x00,0x00},
 456          {0xFC,0x3F,0xFC,0x3F,0x0C,0x18,0x0C,0x18,0xFC,0x3F,0xFC,0x3F,0x00,0x00,0x00,0x00},/*"如",0*/
 457          
 458          {0x00,0x26,0x00,0x26,0xFF,0x36,0xFF,0x1E,0xDB,0x1E,0xDB,0x0E,0xDB,0x06,0xFF,0x7F},
 459          {0xFF,0x7F,0xDB,0x06,0xDB,0x0E,0xFF,0x1E,0xFF,0x36,0x00,0x36,0x00,0x26,0x00,0x00},/*"果",1*/
 460          
 461          {0x00,0x02,0x0C,0x03,0x8C,0x01,0xCC,0x00,0xEC,0x7F,0xFC,0x7F,0x7F,0x09,0x6F,0x09},
 462          {0x6C,0x09,0x6C,0x09,0x6C,0x69,0xEC,0x7F,0xEC,0x3F,0x0C,0x00,0x0C,0x00,0x00,0x00},/*"有",2*/
 463          
 464          {0x00,0x00,0xC0,0x00,0xC0,0x00,0xC0,0x00,0xC0,0x00,0xC0,0x00,0xC0,0x00,0xC0,0x00},
 465          {0xC0,0x00,0xC0,0x00,0xC0,0x00,0xC0,0x00,0xC0,0x00,0xC0,0x00,0xC0,0x00,0x00,0x00},/*"一",3*/
 466          
 467          {0x00,0x00,0xC0,0x60,0xC6,0x60,0xC6,0x30,0xC6,0x18,0xC6,0x0C,0xC6,0x06,0xFE,0x03},
 468          {0xFE,0x03,0xC6,0x06,0xC6,0x0C,0xC6,0x18,0xC6,0x30,0xC0,0x60,0xC0,0x60,0x00,0x00},/*"天",4*/
 469          
 470          {0x00,0x00,0x00,0x00,0x00,0x2C,0x00,0x1C,0x00,0x00,0x00,0x00,0x00,0x00,0x00,0x00},
 471          {0x00,0x00,0x00,0x00,0x00,0x00,0x00,0x00,0x00,0x00,0x00,0x00,0x00,0x00,0x00,0x00},/*"，",5*/
 472          
 473          {0xC0,0x00,0x60,0x00,0xF8,0x7F,0xFF,0x7F,0x07,0x00,0x30,0x1C,0x38,0x0F,0x1F,0x23},
 474          {0x0F,0x60,0xCC,0x7F,0xCC,0x3F,0x0C,0x00,0x2C,0x03,0x3C,0x1E,0x1C,0x18,0x00,0x00},/*"你",6*/
 475          
 476          {0x80,0x21,0x8C,0x31,0xBC,0x19,0xEC,0x0D,0xCC,0x07,0x8C,0x03,0xFF,0x7F,0xFF,0x7F},
 477          {0x8C,0x03,0xCC,0x07,0xEC,0x0D,0xBC,0x19,0x8C,0x31,0x80,0x31,0x80,0x21,0x00,0x00},/*"来",7*/
 478          
 479          {0x00,0x30,0x66,0x33,0x76,0x33,0x7E,0x33,0xEE,0x3F,0xE6,0x1F,0x76,0x1B,0x76,0x1B},
 480          {0x66,0x18,0x00,0x00,0xFC,0x0F,0x00,0x60,0xFF,0x7F,0xFF,0x3F,0x00,0x00,0x00,0x00},/*"到",8*/
 481          
 482          {0x00,0x00,0x06,0x00,0x06,0x00,0x06,0x00,0x06,0x00,0x06,0x60,0x06,0x60,0xE6,0x7F},
 483          {0xE6,0x3F,0x36,0x00,0x1E,0x00,0x0E,0x00,0x06,0x00,0x06,0x00,0x00,0x00,0x00,0x00},/*"了",9*/
 484          
 485          {0x60,0x06,0x6C,0x06,0x6C,0x66,0xFC,0x7F,0xFE,0x3F,0x66,0x03,0x66,0x23,0x60,0x30},
 486          {0xFF,0x33,0xFF,0x1F,0x60,0x1C,0x66,0x37,0x6C,0x63,0x68,0x70,0x00,0x70,0x00,0x00},/*"我",10*/
 487          
 488          {0x00,0x00,0x00,0x63,0x00,0x63,0xFE,0x63,0xFE,0x33,0x56,0x33,0x57,0x1B,0x57,0x1B},
 489          {0x56,0x0F,0x56,0x67,0x56,0x63,0xFE,0x7F,0xFE,0x3F,0x80,0x01,0xC0,0x00,0x00,0x00},/*"身",11*/
C51 COMPILER V9.00   POV_DAT                                                               07/06/2013 06:42:52 PAGE 9   

 490          
 491          {0xC0,0x60,0xC6,0x30,0xCC,0x1F,0xC0,0x1F,0x00,0x30,0x18,0x28,0x18,0x6C,0x18,0x67},
 492          {0xFF,0x63,0x7F,0x60,0x18,0x6C,0x18,0x6C,0xF8,0x6F,0xF8,0x67,0x00,0x20,0x00,0x00},/*"边",12*/
 493          
 494          {0x00,0x00,0x00,0x00,0x00,0x00,0xFC,0x19,0xFC,0x19,0x00,0x00,0x00,0x00,0x00,0x00},
 495          {0x00,0x00,0x00,0x00,0x00,0x00,0x00,0x00,0x00,0x00,0x00,0x00,0x00,0x00,0x00,0x00},/*"！",13*/
 496          
 497           };
 498          
 499           uchar code zhifu[13][16]={
 500          {0x00,0x00,0xFC,0x03,0xFE,0x07,0x02,0x04,0x02,0x04,0xFE,0x07,0xFC,0x03,0x00,0x00},/*"0",0*/
 501          {0x00,0x00,0x04,0x00,0x04,0x00,0xFE,0x07,0xFE,0x07,0x00,0x00,0x00,0x00,0x00,0x00},/*"1",1*/
 502          {0x00,0x00,0x0C,0x07,0x8E,0x07,0xC2,0x04,0x62,0x04,0x3E,0x04,0x1C,0x04,0x00,0x00},/*"2",2*/
 503          {0x00,0x00,0x04,0x02,0x06,0x06,0x22,0x04,0x22,0x04,0xFE,0x07,0xDC,0x03,0x00,0x00},/*"3",3*/
 504          {0x00,0x00,0x80,0x01,0xE0,0x01,0x78,0x01,0x1C,0x01,0xFE,0x07,0xFE,0x07,0x00,0x00},/*"4",4*/
 505          {0x00,0x00,0x7E,0x02,0x7E,0x06,0x22,0x04,0x22,0x04,0xE2,0x07,0xC2,0x03,0x00,0x00},/*"5",5*/
 506          {0x00,0x00,0xFC,0x03,0xFE,0x07,0x22,0x04,0x22,0x04,0xE6,0x07,0xC4,0x03,0x00,0x00},/*"6",6*/
 507          {0x00,0x00,0x02,0x00,0x02,0x07,0xE2,0x07,0xFA,0x00,0x1E,0x00,0x06,0x00,0x00,0x00},/*"7",7*/
 508          {0x00,0x00,0xDC,0x03,0xFE,0x07,0x22,0x04,0x22,0x04,0xFE,0x07,0xDC,0x03,0x00,0x00},/*"8",8*/
 509          {0x00,0x00,0x3C,0x02,0x7E,0x06,0x42,0x04,0x42,0x04,0xFE,0x07,0xFC,0x03,0x00,0x00},/*"9",9*/
 510          {0x00,0x00,0x00,0x00,0x00,0x00,0x0C,0x03,0x0C,0x03,0x00,0x00,0x00,0x00,0x00,0x00},/*":",10*/
 511          {0x00,0x00,0x00,0x00,0x00,0x00,0x00,0x00,0x00,0x00,0x00,0x00,0x00,0x00,0x00,0x00},/*" ",11*/
 512          {0x00,0x00,0x00,0x0C,0x00,0x0F,0xC0,0x03,0xF0,0x00,0x3C,0x00,0x0C,0x00,0x00,0x00},/*"/",12*/
 513          };
 514          
 515          uchar code zhifu1[11][16]={
 516          {0x03,0xFC,0x07,0xFE,0x04,0x02,0x04,0x02,0x07,0xFE,0x03,0xFC,0x00,0x00},/*"0",0*/
 517          {0x02,0x00,0x02,0x00,0x07,0xFE,0x07,0xFE,0x00,0x00,0x00,0x00,0x00,0x00},/*"1",1*/
 518          {0x03,0x0E,0x07,0x1E,0x04,0x32,0x04,0x62,0x07,0xC2,0x03,0x82,0x00,0x00},/*"2",2*/
 519          {0x02,0x04,0x06,0x06,0x04,0x42,0x04,0x42,0x07,0xFE,0x03,0xBC,0x00,0x00},/*"3",3*/
 520          {0x00,0x18,0x00,0x78,0x01,0xE8,0x03,0x88,0x07,0xFE,0x07,0xFE,0x00,0x00},/*"4",4*/
 521          {0x07,0xE4,0x07,0xE6,0x04,0x42,0x04,0x42,0x04,0x7E,0x04,0x3C,0x00,0x00},/*"5",5*/
 522          {0x03,0xFC,0x07,0xFE,0x04,0x42,0x04,0x42,0x06,0x7E,0x02,0x3C,0x00,0x00},/*"6",6*/
 523          {0x04,0x00,0x04,0x0E,0x04,0x7E,0x05,0xF0,0x07,0x80,0x06,0x00,0x00,0x00},/*"7",7*/
 524          {0x03,0xBC,0x07,0xFE,0x04,0x42,0x04,0x42,0x07,0xFE,0x03,0xBC,0x00,0x00},/*"8",8*/
 525          {0x03,0xC4,0x07,0xE6,0x04,0x22,0x04,0x22,0x07,0xFE,0x03,0xFC,0x00,0x00},/*"9",9*/
 526          {0x00,0x20,0x00,0x20,0x00,0x20,0x00,0x20,0x00,0x20,0x00,0x20,0x00,0x00},/*"-",0*/
 527          //{0x00,0x00,0x00,0x06,0x00,0x18,0x00,0x60,0x01,0x80,0x06,0x00,0x00,0x00,0x00,0x00},/*"/",0*/
 528          //{0x00,0x00,0x00,0x03,0x00,0x0F,0x00,0x3C,0x00,0xF0,0x03,0xC0,0x03,0x00,0x00,0x00},/*"/",10*/
 529          };


MODULE INFORMATION:   STATIC OVERLAYABLE
   CODE SIZE        =   ----    ----
   CONSTANT SIZE    =   3744    ----
   XDATA SIZE       =   ----    ----
   PDATA SIZE       =   ----    ----
   DATA SIZE        =   ----    ----
   IDATA SIZE       =   ----    ----
   BIT SIZE         =   ----    ----
END OF MODULE INFORMATION.


C51 COMPILATION COMPLETE.  0 WARNING(S),  0 ERROR(S)
